<?xml version="1.0" encoding="UTF-8"?>
<!-- Generated by org.testng.reporters.JUnitReportReporter -->
<testsuite hostname="DESKTOP-FK4CUPU" failures="0" tests="2" name="testingClass.No_Page1test" time="8.588" errors="0" timestamp="2022-04-07T09:55:13 IST" skipped="0">
  <testcase classname="testingClass.No_Page1test" name="test1" time="0.102"/>
  <system-out/>
  <testcase classname="testingClass.No_Page1test" name="test2" time="8.486"/>
  <system-out/>
</testsuite> <!-- testingClass.No_Page1test -->
