<?xml version="1.0" encoding="UTF-8"?>
<!-- Generated by org.testng.reporters.JUnitReportReporter -->
<testsuite hostname="DESKTOP-FK4CUPU" failures="0" tests="2" name="testingClass.LoginTest" time="10.375" errors="0" timestamp="2022-04-06T08:20:12 IST" skipped="0">
  <testcase classname="testingClass.LoginTest" name="logintest" time="10.359"/>
  <system-out/>
  <testcase classname="testingClass.LoginTest" name="leave" time="0.016"/>
  <system-out/>
</testsuite> <!-- testingClass.LoginTest -->
